-------------------------------------------------------------------------------
Test set: CalculatorTest
-------------------------------------------------------------------------------
Tests run: 1, Failures: 1, Errors: 0, Skipped: 0, Time elapsed: 0.036 s <<< FAILURE! - in CalculatorTest
TestAdd  Time elapsed: 0.03 s  <<< FAILURE!
org.opentest4j.AssertionFailedError: Failssdfsdfsdfsdf ==> expected: <5> but was: <4>
	at CalculatorTest.TestAdd(CalculatorTest.java:17)

